make --dry-run --keep-going --print-directory
make: Entering directory '/home/os/Desktop/xv6-riscv-1'
 
riscv64-linux-gnu-gcc -Wall -Werror -O -fno-omit-frame-pointer -ggdb -MD -mcmodel=medany -ffreestanding -fno-common -nostdlib -mno-relax -I. -fno-stack-protector -D OFF -fno-pie -no-pie   -c -o kernel/console.o kernel/console.c
 
riscv64-linux-gnu-gcc -Wall -Werror -O -fno-omit-frame-pointer -ggdb -MD -mcmodel=medany -ffreestanding -fno-common -nostdlib -mno-relax -I. -fno-stack-protector -D OFF -fno-pie -no-pie   -c -o kernel/printf.o kernel/printf.c
 
riscv64-linux-gnu-gcc -Wall -Werror -O -fno-omit-frame-pointer -ggdb -MD -mcmodel=medany -ffreestanding -fno-common -nostdlib -mno-relax -I. -fno-stack-protector -D OFF -fno-pie -no-pie   -c -o kernel/uart.o kernel/uart.c
 
riscv64-linux-gnu-gcc -Wall -Werror -O -fno-omit-frame-pointer -ggdb -MD -mcmodel=medany -ffreestanding -fno-common -nostdlib -mno-relax -I. -fno-stack-protector -D OFF -fno-pie -no-pie   -c -o kernel/spinlock.o kernel/spinlock.c
 
riscv64-linux-gnu-gcc -Wall -Werror -O -fno-omit-frame-pointer -ggdb -MD -mcmodel=medany -ffreestanding -fno-common -nostdlib -mno-relax -I. -fno-stack-protector -D OFF -fno-pie -no-pie   -c -o kernel/proc.o kernel/proc.c
 
riscv64-linux-gnu-gcc -Wall -Werror -O -fno-omit-frame-pointer -ggdb -MD -mcmodel=medany -ffreestanding -fno-common -nostdlib -mno-relax -I. -fno-stack-protector -D OFF -fno-pie -no-pie   -c -o kernel/trap.o kernel/trap.c
 
riscv64-linux-gnu-gcc -Wall -Werror -O -fno-omit-frame-pointer -ggdb -MD -mcmodel=medany -ffreestanding -fno-common -nostdlib -mno-relax -I. -fno-stack-protector -D OFF -fno-pie -no-pie   -c -o kernel/syscall.o kernel/syscall.c
 
riscv64-linux-gnu-gcc -Wall -Werror -O -fno-omit-frame-pointer -ggdb -MD -mcmodel=medany -ffreestanding -fno-common -nostdlib -mno-relax -I. -fno-stack-protector -D OFF -fno-pie -no-pie   -c -o kernel/sysproc.o kernel/sysproc.c
 
riscv64-linux-gnu-gcc -Wall -Werror -O -fno-omit-frame-pointer -ggdb -MD -mcmodel=medany -ffreestanding -fno-common -nostdlib -mno-relax -I. -fno-stack-protector -D OFF -fno-pie -no-pie   -c -o kernel/fs.o kernel/fs.c
 
riscv64-linux-gnu-gcc -Wall -Werror -O -fno-omit-frame-pointer -ggdb -MD -mcmodel=medany -ffreestanding -fno-common -nostdlib -mno-relax -I. -fno-stack-protector -D OFF -fno-pie -no-pie   -c -o kernel/sleeplock.o kernel/sleeplock.c
riscv64-linux-gnu-gcc -Wall -Werror -O -fno-omit-frame-pointer -ggdb -MD -mcmodel=medany -ffreestanding -fno-common -nostdlib -mno-relax -I. -fno-stack-protector -D OFF -fno-pie -no-pie   -c -o kernel/file.o kernel/file.c
 
riscv64-linux-gnu-gcc -Wall -Werror -O -fno-omit-frame-pointer -ggdb -MD -mcmodel=medany -ffreestanding -fno-common -nostdlib -mno-relax -I. -fno-stack-protector -D OFF -fno-pie -no-pie   -c -o kernel/pipe.o kernel/pipe.c
 
riscv64-linux-gnu-gcc -Wall -Werror -O -fno-omit-frame-pointer -ggdb -MD -mcmodel=medany -ffreestanding -fno-common -nostdlib -mno-relax -I. -fno-stack-protector -D OFF -fno-pie -no-pie   -c -o kernel/exec.o kernel/exec.c
 
riscv64-linux-gnu-gcc -Wall -Werror -O -fno-omit-frame-pointer -ggdb -MD -mcmodel=medany -ffreestanding -fno-common -nostdlib -mno-relax -I. -fno-stack-protector -D OFF -fno-pie -no-pie   -c -o kernel/sysfile.o kernel/sysfile.c
 
riscv64-linux-gnu-ld -z max-page-size=4096 -T kernel/kernel.ld -o kernel/kernel kernel/entry.o kernel/start.o kernel/console.o kernel/printf.o kernel/uart.o kernel/kalloc.o kernel/spinlock.o kernel/string.o kernel/main.o kernel/vm.o kernel/proc.o kernel/swtch.o kernel/trampoline.o kernel/trap.o kernel/syscall.o kernel/sysproc.o kernel/bio.o kernel/fs.o kernel/log.o kernel/sleeplock.o kernel/file.o kernel/pipe.o kernel/exec.o kernel/sysfile.o kernel/kernelvec.o kernel/plic.o kernel/virtio_disk.o kernel/cas.o  
riscv64-linux-gnu-objdump -S kernel/kernel > kernel/kernel.asm
riscv64-linux-gnu-objdump -t kernel/kernel | sed '1,/SYMBOL TABLE/d; s/ .* / /; /^$/d' > kernel/kernel.sym
make: Leaving directory '/home/os/Desktop/xv6-riscv-1'
 
